[debug] [2021-06-03T22:01:49.836Z] ----------------------------------------------------------------------
[debug] [2021-06-03T22:01:49.837Z] Command:       /usr/local/bin/node /Users/adedayo/.npm-global/bin/firebase init
[debug] [2021-06-03T22:01:49.838Z] CLI Version:   9.12.1
[debug] [2021-06-03T22:01:49.838Z] Platform:      darwin
[debug] [2021-06-03T22:01:49.838Z] Node Version:  v14.16.1
[debug] [2021-06-03T22:01:49.839Z] Time:          Thu Jun 03 2021 23:01:49 GMT+0100 (West Africa Standard Time)
[debug] [2021-06-03T22:01:49.839Z] ----------------------------------------------------------------------
[debug] 
[debug] [2021-06-03T22:01:49.844Z] > command requires scopes: ["email","openid","https://www.googleapis.com/auth/cloudplatformprojects.readonly","https://www.googleapis.com/auth/firebase","https://www.googleapis.com/auth/cloud-platform"]
[debug] [2021-06-03T22:01:49.844Z] > authorizing via signed-in user (falola0021@gmail.com)
[info] 
     ######## #### ########  ######## ########     ###     ######  ########
     ##        ##  ##     ## ##       ##     ##  ##   ##  ##       ##
     ######    ##  ########  ######   ########  #########  ######  ######
     ##        ##  ##    ##  ##       ##     ## ##     ##       ## ##
     ##       #### ##     ## ######## ########  ##     ##  ######  ########

You're about to initialize a Firebase project in this directory:

  /Users/adedayo/Desktop/Personal/Tima_Logistics/tima

[info] 
=== Project Setup
[info] 
[info] First, let's associate this project directory with a Firebase project.
[info] You can create multiple project aliases by running firebase use --add, 
[info] but for now we'll just set up a default project.
[info] 
[debug] [2021-06-03T22:02:48.738Z] >>> [apiv2][query] GET https://firebase.googleapis.com/v1beta1/projects pageSize=100
[debug] [2021-06-03T22:02:49.352Z] <<< [apiv2][status] GET https://firebase.googleapis.com/v1beta1/projects 200
[debug] [2021-06-03T22:02:49.352Z] <<< [apiv2][body] GET https://firebase.googleapis.com/v1beta1/projects [omitted]
[info] i  Using project tima-6e231 (Tima) 
[info] 
=== Hosting Setup
[info] 
[info] Your public directory is the folder (relative to your project directory) that
[info] will contain Hosting assets to be uploaded with firebase deploy. If you
[info] have a build process for your assets, use your build's output directory.
[info] 
[debug] [2021-06-03T22:04:02.877Z] ----------------------------------------------------------------------
[debug] [2021-06-03T22:04:02.878Z] Command:       /usr/local/bin/node /Users/adedayo/.npm-global/bin/firebase init
[debug] [2021-06-03T22:04:02.878Z] CLI Version:   9.12.1
[debug] [2021-06-03T22:04:02.878Z] Platform:      darwin
[debug] [2021-06-03T22:04:02.878Z] Node Version:  v14.16.1
[debug] [2021-06-03T22:04:02.879Z] Time:          Thu Jun 03 2021 23:04:02 GMT+0100 (West Africa Standard Time)
[debug] [2021-06-03T22:04:02.879Z] ----------------------------------------------------------------------
[debug] 
[debug] [2021-06-03T22:04:02.886Z] > command requires scopes: ["email","openid","https://www.googleapis.com/auth/cloudplatformprojects.readonly","https://www.googleapis.com/auth/firebase","https://www.googleapis.com/auth/cloud-platform"]
[debug] [2021-06-03T22:04:02.887Z] > authorizing via signed-in user (falola0021@gmail.com)
[info] 
     ######## #### ########  ######## ########     ###     ######  ########
     ##        ##  ##     ## ##       ##     ##  ##   ##  ##       ##
     ######    ##  ########  ######   ########  #########  ######  ######
     ##        ##  ##    ##  ##       ##     ## ##     ##       ## ##
     ##       #### ##     ## ######## ########  ##     ##  ######  ########

You're about to initialize a Firebase project in this directory:

  /Users/adedayo/Desktop/Personal/Tima_Logistics/tima

[info] 
=== Project Setup
[info] 
[info] First, let's associate this project directory with a Firebase project.
[info] You can create multiple project aliases by running firebase use --add, 
[info] but for now we'll just set up a default project.
[info] 
[debug] [2021-06-03T22:04:17.448Z] >>> [apiv2][query] GET https://firebase.googleapis.com/v1beta1/projects pageSize=100
[debug] [2021-06-03T22:04:18.136Z] <<< [apiv2][status] GET https://firebase.googleapis.com/v1beta1/projects 200
[debug] [2021-06-03T22:04:18.136Z] <<< [apiv2][body] GET https://firebase.googleapis.com/v1beta1/projects [omitted]
[info] i  Using project tima-6e231 (Tima) 
[info] 
=== Hosting Setup
[info] 
[info] Your public directory is the folder (relative to your project directory) that
[info] will contain Hosting assets to be uploaded with firebase deploy. If you
[info] have a build process for your assets, use your build's output directory.
[info] 
[debug] [2021-06-03T22:04:51.648Z] >>> [apiv2][query] GET https://www.gstatic.com/firebasejs/releases.json [none]
[debug] [2021-06-03T22:04:51.954Z] <<< [apiv2][status] GET https://www.gstatic.com/firebasejs/releases.json 200
[debug] [2021-06-03T22:04:51.955Z] <<< [apiv2][body] GET https://www.gstatic.com/firebasejs/releases.json {"current":{"version":"8.6.4","browserURL":"https://www.gstatic.com/firebasejs/8.6.4/firebase.js","packageURL":"https://www.gstatic.com/firebasejs/8.6.4/firebase.tgz"},"live":{"version":"8.6","browserURL":"https://www.gstatic.com/firebasejs/live/8.6/firebase.js","packageURL":"https://www.gstatic.com/firebasejs/live/8.6/firebase.tgz"},"components":{"analytics":"https://www.gstatic.com/firebasejs/8.6.4/firebase-analytics.js","app":"https://www.gstatic.com/firebasejs/8.6.4/firebase-app.js","app-check":"https://www.gstatic.com/firebasejs/8.6.4/firebase-app-check.js","auth":"https://www.gstatic.com/firebasejs/8.6.4/firebase-auth.js","database":"https://www.gstatic.com/firebasejs/8.6.4/firebase-database.js","firestore":"https://www.gstatic.com/firebasejs/8.6.4/firebase-firestore.js","functions":"https://www.gstatic.com/firebasejs/8.6.4/firebase-functions.js","installations":"https://www.gstatic.com/firebasejs/8.6.4/firebase-installations.js","messaging":"https://www.gstatic.com/firebasejs/8.6.4/firebase-messaging.js","storage":"https://www.gstatic.com/firebasejs/8.6.4/firebase-storage.js","performance":"https://www.gstatic.com/firebasejs/8.6.4/firebase-performance.js","remote-config":"https://www.gstatic.com/firebasejs/8.6.4/firebase-remote-config.js","firestore.memory":"https://www.gstatic.com/firebasejs/8.6.4/firebase-firestore.memory.js"}}
[info] ✔  Wrote build/index.html 
[info] 
[info] i  Detected a .git folder at /Users/adedayo/Desktop/Personal/Tima_Logistics/tima 
[info] i  Authorizing with GitHub to upload your service account to a GitHub repository's secrets store. 
[info] 
[info] Visit this URL on this device to log in:
[info] https://github.com/login/oauth/authorize?client_id=89cf50f02ac6aaed3484&state=694334942&redirect_uri=http%3A%2F%2Flocalhost%3A9005&scope=read%3Auser%20repo%20public_repo
[info] 
[info] Waiting for authentication...
[debug] [2021-06-03T22:05:02.188Z] >>> HTTP REQUEST POST https://github.com/login/oauth/access_token  
 {"client_id":"89cf50f02ac6aaed3484","client_secret":"3330d14abc895d9a74d5f17cd7a00711fa2c5bf0","code":"50da987e5e4a418e8ef4","redirect_uri":"http://localhost:9005","state":"694334942"}
[debug] [2021-06-03T22:05:02.914Z] <<< HTTP RESPONSE 200 {"server":"GitHub.com","date":"Thu, 03 Jun 2021 22:05:02 GMT","content-type":"application/json; charset=utf-8","transfer-encoding":"chunked","vary":"X-PJAX, Accept-Encoding, Accept, X-Requested-With","permissions-policy":"interest-cohort=()","etag":"W/\"3b0f0a9ff1287452b3408e8c5544bc52\"","cache-control":"max-age=0, private, must-revalidate","strict-transport-security":"max-age=31536000; includeSubdomains; preload","x-frame-options":"deny","x-content-type-options":"nosniff","x-xss-protection":"0","referrer-policy":"origin-when-cross-origin, strict-origin-when-cross-origin","expect-ct":"max-age=2592000, report-uri=\"https://api.github.com/_private/browser/errors\"","content-security-policy":"default-src 'none'; base-uri 'self'; block-all-mixed-content; connect-src 'self' uploads.github.com www.githubstatus.com collector.githubapp.com api.github.com github-cloud.s3.amazonaws.com github-production-repository-file-5c1aeb.s3.amazonaws.com github-production-upload-manifest-file-7fdce7.s3.amazonaws.com github-production-user-asset-6210df.s3.amazonaws.com html-translator.herokuapp.com cdn.optimizely.com logx.optimizely.com/v1/events wss://alive.github.com; font-src github.githubassets.com; form-action 'self' github.com gist.github.com; frame-ancestors 'none'; frame-src render.githubusercontent.com; img-src 'self' data: github.githubassets.com identicons.github.com collector.githubapp.com github-cloud.s3.amazonaws.com secured-user-images.githubusercontent.com/ *.githubusercontent.com; manifest-src 'self'; media-src 'none'; script-src github.githubassets.com; style-src 'unsafe-inline' github.githubassets.com; worker-src github.com/socket-worker-3f088aa2.js gist.github.com/socket-worker-3f088aa2.js","x-github-request-id":"F44F:2DC9:39457B:3C0439:60B9520E"}
[debug] [2021-06-03T22:05:02.921Z] >>> [apiv2][query] GET https://api.github.com/user [none]
[debug] [2021-06-03T22:05:03.721Z] <<< [apiv2][status] GET https://api.github.com/user 200
[debug] [2021-06-03T22:05:03.722Z] <<< [apiv2][body] GET https://api.github.com/user {"login":"falola0021","id":47002383,"node_id":"MDQ6VXNlcjQ3MDAyMzgz","avatar_url":"https://avatars.githubusercontent.com/u/47002383?v=4","gravatar_id":"","url":"https://api.github.com/users/falola0021","html_url":"https://github.com/falola0021","followers_url":"https://api.github.com/users/falola0021/followers","following_url":"https://api.github.com/users/falola0021/following{/other_user}","gists_url":"https://api.github.com/users/falola0021/gists{/gist_id}","starred_url":"https://api.github.com/users/falola0021/starred{/owner}{/repo}","subscriptions_url":"https://api.github.com/users/falola0021/subscriptions","organizations_url":"https://api.github.com/users/falola0021/orgs","repos_url":"https://api.github.com/users/falola0021/repos","events_url":"https://api.github.com/users/falola0021/events{/privacy}","received_events_url":"https://api.github.com/users/falola0021/received_events","type":"User","site_admin":false,"name":"falola adedayo","company":null,"blog":"","location":"Lagos Nigeria","email":null,"hireable":null,"bio":"I am a graduate with a passion for software development. I am at an intermediate level of JavaScript  ","twitter_username":null,"public_repos":8,"public_gists":0,"followers":0,"following":0,"created_at":"2019-01-24T15:10:56Z","updated_at":"2021-06-03T21:57:40Z","private_gists":0,"total_private_repos":1,"owned_private_repos":1,"disk_usage":71740,"collaborators":1,"two_factor_authentication":false,"plan":{"name":"free","space":976562499,"collaborators":0,"private_repos":10000}}
[info] 
[info] ✔  Success! Logged into GitHub as falola0021 
[info] 
[debug] [2021-06-03T22:05:47.070Z] >>> [apiv2][query] GET https://api.github.com/repos//actions/secrets/public-key type=owner
[debug] [2021-06-03T22:05:47.777Z] <<< [apiv2][status] GET https://api.github.com/repos//actions/secrets/public-key 404
[debug] [2021-06-03T22:05:47.777Z] <<< [apiv2][body] GET https://api.github.com/repos//actions/secrets/public-key {"message":"Not Found","documentation_url":"https://docs.github.com/rest"}
[debug] [2021-06-03T22:07:32.884Z] >>> [apiv2][query] GET https://api.github.com/repos/y/actions/secrets/public-key type=owner
[debug] [2021-06-03T22:07:33.559Z] <<< [apiv2][status] GET https://api.github.com/repos/y/actions/secrets/public-key 404
[debug] [2021-06-03T22:07:33.562Z] <<< [apiv2][body] GET https://api.github.com/repos/y/actions/secrets/public-key {"message":"Not Found","documentation_url":"https://docs.github.com/rest"}
